2017-06-15 11:39:32,955 - INFO - Beginning execution of dms_barcodedsubamplicons in directory /fh/fast/bloom_j/computational_notebooks/jbloom/2017/ZIKV_DMS_w_Khromykh

2017-06-15 11:39:32,955 - INFO - Progress will be logged to ./results/alignments/C636_.log
2017-06-15 11:39:32,963 - INFO - Removing existing file ./results/alignments/C636_counts.txt
2017-06-15 11:39:32,971 - INFO - Removing existing file ./results/alignments/C636_summarystats.txt
2017-06-15 11:39:33,991 - INFO - Version information for dms_tools and associated packages.
	Time and date: Thu Jun 15 11:39:32 2017
	Platform: Linux-3.13.0-68-generic-x86_64-with-Ubuntu-14.04-trusty
	Python version: 2.7.6 (default, Jun 22 2015, 17:58:13)  [GCC 4.8.2]
	dms_tools version: 1.2.2
	Bio version: 1.69
	numpy version: 1.13.0
	scipy version: 0.19.0
	matplotlib version: 2.0.2
	cython version: 0.25.2
	pystan version: 2.15.0.1
	weblogolib version: 3.5.0
	PyPDF2 version: 1.26.0
	pandas version: 0.20.2

2017-06-15 11:39:33,991 - INFO - Parsed the following arguments:
	minreadconcurrence = 0.75
	maxmuts = 4
	maxlowqfrac = 0.075
	r1files = ['./data/fastq/C636DMS_R1_001.fastq.gz']
	minreadidentity = 0.9
	purgefrac = 0
	R1trimlength = 200
	R1_is_antisense = False
	r2files = ['./data/fastq/C636DMS_R2_001.fastq.gz']
	alignspecs = [(1, 294, 36, 28), (295, 612, 30, 27)]
	R2trimlength = 180
	maxreadtrim = 3
	barcodeinfo = False
	chartype = codon
	barcodelength = 8
	minreadsperbarcode = 2
	minq = 15
	outprefix = ./results/alignments/C636_
	refseq = ./data/seqs/NatalEDIIIonly.fa
	purgereadfrac = 0
	seed = 1

2017-06-15 11:39:34,022 - INFO - Read a reference sequence of 204 codons from ./data/seqs/NatalEDIIIonly.fa

2017-06-15 11:39:34,022 - INFO - Now parsing reads from the following:
	r1files: ./data/fastq/C636DMS_R1_001.fastq.gz
	r2files: ./data/fastq/C636DMS_R2_001.fastq.gz
2017-06-15 11:39:55,078 - INFO - Reads parsed so far: 100000
2017-06-15 11:39:55,933 - INFO - Reads parsed so far: 200000
2017-06-15 11:39:56,768 - INFO - Reads parsed so far: 300000
2017-06-15 11:39:57,657 - INFO - Reads parsed so far: 400000
2017-06-15 11:39:58,434 - INFO - Reads parsed so far: 500000
2017-06-15 11:39:59,454 - INFO - Reads parsed so far: 600000
2017-06-15 11:40:00,216 - INFO - Reads parsed so far: 700000
2017-06-15 11:40:01,229 - INFO - Reads parsed so far: 800000
2017-06-15 11:40:02,011 - INFO - Reads parsed so far: 900000
2017-06-15 11:40:02,787 - INFO - Reads parsed so far: 1000000
2017-06-15 11:40:03,852 - INFO - Reads parsed so far: 1100000
2017-06-15 11:40:04,663 - INFO - Reads parsed so far: 1200000
2017-06-15 11:40:05,428 - INFO - Reads parsed so far: 1300000
2017-06-15 11:40:06,236 - INFO - Reads parsed so far: 1400000
2017-06-15 11:40:07,009 - INFO - Reads parsed so far: 1500000
2017-06-15 11:40:07,772 - INFO - Reads parsed so far: 1600000
2017-06-15 11:40:08,538 - INFO - Reads parsed so far: 1700000
2017-06-15 11:40:09,725 - INFO - Reads parsed so far: 1800000
2017-06-15 11:40:10,496 - INFO - Reads parsed so far: 1900000
2017-06-15 11:40:11,264 - INFO - Reads parsed so far: 2000000
2017-06-15 11:40:12,031 - INFO - Reads parsed so far: 2100000
2017-06-15 11:40:12,794 - INFO - Reads parsed so far: 2200000
2017-06-15 11:40:13,580 - INFO - Reads parsed so far: 2300000
2017-06-15 11:40:14,342 - INFO - Reads parsed so far: 2400000
2017-06-15 11:40:15,110 - INFO - Reads parsed so far: 2500000
2017-06-15 11:40:15,886 - INFO - Reads parsed so far: 2600000
2017-06-15 11:40:16,856 - INFO - Finished parsing all 2655567 reads; ended up with 915241 unique barcodes.

2017-06-15 11:40:16,857 - INFO - Now examining the 915241 barcodes to see if reads meet criteria for retention
2017-06-15 11:40:20,503 - INFO - Barcodes examined so far: 100000
2017-06-15 11:40:23,951 - INFO - Barcodes examined so far: 200000
2017-06-15 11:40:27,357 - INFO - Barcodes examined so far: 300000
2017-06-15 11:40:30,808 - INFO - Barcodes examined so far: 400000
2017-06-15 11:40:34,238 - INFO - Barcodes examined so far: 500000
2017-06-15 11:40:37,735 - INFO - Barcodes examined so far: 600000
2017-06-15 11:40:41,196 - INFO - Barcodes examined so far: 700000
2017-06-15 11:40:45,023 - INFO - Barcodes examined so far: 800000
2017-06-15 11:40:49,405 - INFO - Barcodes examined so far: 900000
2017-06-15 11:40:50,541 - INFO - Finished examining all 915241 barcodes

2017-06-15 11:40:50,542 - INFO - Writing the codon counts to ./results/alignments/C636_counts.txt
2017-06-15 11:40:50,551 - INFO - Here are the summary statistics (these are also being written to ./results/alignments/C636_summarystats.txt):
	total read pairs = 2655567
	read pairs that fail Illumina filter = 0
	low quality read pairs = 246237
	barcodes randomly purged = 0
	discarded barcodes with 1 reads = 290961
	aligned barcodes with 2 reads = 200787
	discarded barcodes with 2 reads = 1962
	un-alignable barcodes with 2 reads = 9790
	aligned barcodes with 3 reads = 165183
	discarded barcodes with 3 reads = 2395
	un-alignable barcodes with 3 reads = 8296
	aligned barcodes with 4 reads = 108609
	discarded barcodes with 4 reads = 2045
	un-alignable barcodes with 4 reads = 4510
	aligned barcodes with 5 reads = 60023
	discarded barcodes with 5 reads = 1414
	un-alignable barcodes with 5 reads = 2541
	aligned barcodes with 6 reads = 29333
	discarded barcodes with 6 reads = 838
	un-alignable barcodes with 6 reads = 1274
	aligned barcodes with 7 reads = 13356
	discarded barcodes with 7 reads = 463
	un-alignable barcodes with 7 reads = 539
	aligned barcodes with 8 reads = 5730
	discarded barcodes with 8 reads = 227
	un-alignable barcodes with 8 reads = 244
	aligned barcodes with 9 reads = 2468
	discarded barcodes with 9 reads = 118
	un-alignable barcodes with 9 reads = 87
	aligned barcodes with 10 reads = 1049
	discarded barcodes with 10 reads = 55
	un-alignable barcodes with 10 reads = 63
	aligned barcodes with 11 reads = 496
	discarded barcodes with 11 reads = 21
	un-alignable barcodes with 11 reads = 20
	aligned barcodes with 12 reads = 178
	discarded barcodes with 12 reads = 14
	un-alignable barcodes with 12 reads = 8
	aligned barcodes with 13 reads = 71
	discarded barcodes with 13 reads = 8
	un-alignable barcodes with 13 reads = 1
	aligned barcodes with 14 reads = 30
	discarded barcodes with 14 reads = 4
	un-alignable barcodes with 14 reads = 1
	aligned barcodes with 15 reads = 11
	discarded barcodes with 15 reads = 2
	aligned barcodes with 16 reads = 6
	aligned barcodes with 17 reads = 3
	discarded barcodes with 17 reads = 1
	discarded barcodes with 20 reads = 2
	discarded barcodes with 49 reads = 1
	discarded barcodes with 57 reads = 1
	discarded barcodes with 116 reads = 1
	discarded barcodes with 154 reads = 1
2017-06-15 11:40:50,552 - INFO - Successful completion of dms_barcodedsubamplicons at Thu Jun 15 11:40:50 2017
