2017-06-15 11:35:15,143 - INFO - Beginning execution of dms_barcodedsubamplicons in directory /fh/fast/bloom_j/computational_notebooks/jbloom/2017/ZIKV_DMS_w_Khromykh

2017-06-15 11:35:15,143 - INFO - Progress will be logged to ./results/alignments/CPEC_.log
2017-06-15 11:35:15,151 - INFO - Removing existing file ./results/alignments/CPEC_counts.txt
2017-06-15 11:35:15,160 - INFO - Removing existing file ./results/alignments/CPEC_summarystats.txt
2017-06-15 11:35:16,187 - INFO - Version information for dms_tools and associated packages.
	Time and date: Thu Jun 15 11:35:15 2017
	Platform: Linux-3.13.0-68-generic-x86_64-with-Ubuntu-14.04-trusty
	Python version: 2.7.6 (default, Jun 22 2015, 17:58:13)  [GCC 4.8.2]
	dms_tools version: 1.2.2
	Bio version: 1.69
	numpy version: 1.13.0
	scipy version: 0.19.0
	matplotlib version: 2.0.2
	cython version: 0.25.2
	pystan version: 2.15.0.1
	weblogolib version: 3.5.0
	PyPDF2 version: 1.26.0
	pandas version: 0.20.2

2017-06-15 11:35:16,188 - INFO - Parsed the following arguments:
	minreadconcurrence = 0.75
	maxmuts = 4
	maxlowqfrac = 0.075
	r1files = ['./data/fastq/J999_S90_L001_R1_001.fastq.gz']
	minreadidentity = 0.9
	purgefrac = 0
	R1trimlength = 200
	R1_is_antisense = False
	r2files = ['./data/fastq/trimmed_J999_S90_L001_R2_001.fastq.gz']
	alignspecs = [(1, 294, 36, 28), (295, 612, 30, 27)]
	R2trimlength = 180
	maxreadtrim = 3
	barcodeinfo = False
	chartype = codon
	barcodelength = 8
	minreadsperbarcode = 2
	minq = 15
	outprefix = ./results/alignments/CPEC_
	refseq = ./data/seqs/NatalEDIIIonly.fa
	purgereadfrac = 0
	seed = 1

2017-06-15 11:35:16,236 - INFO - Read a reference sequence of 204 codons from ./data/seqs/NatalEDIIIonly.fa

2017-06-15 11:35:16,237 - INFO - Now parsing reads from the following:
	r1files: ./data/fastq/J999_S90_L001_R1_001.fastq.gz
	r2files: ./data/fastq/trimmed_J999_S90_L001_R2_001.fastq.gz
2017-06-15 11:35:38,050 - INFO - Reads parsed so far: 100000
2017-06-15 11:35:38,983 - INFO - Reads parsed so far: 200000
2017-06-15 11:35:39,855 - INFO - Reads parsed so far: 300000
2017-06-15 11:35:40,770 - INFO - Reads parsed so far: 400000
2017-06-15 11:35:41,740 - INFO - Reads parsed so far: 500000
2017-06-15 11:35:42,746 - INFO - Reads parsed so far: 600000
2017-06-15 11:35:43,538 - INFO - Reads parsed so far: 700000
2017-06-15 11:35:44,320 - INFO - Reads parsed so far: 800000
2017-06-15 11:35:45,388 - INFO - Reads parsed so far: 900000
2017-06-15 11:35:46,210 - INFO - Reads parsed so far: 1000000
2017-06-15 11:35:46,997 - INFO - Reads parsed so far: 1100000
2017-06-15 11:35:48,183 - INFO - Reads parsed so far: 1200000
2017-06-15 11:35:48,985 - INFO - Reads parsed so far: 1300000
2017-06-15 11:35:49,786 - INFO - Reads parsed so far: 1400000
2017-06-15 11:35:50,579 - INFO - Reads parsed so far: 1500000
2017-06-15 11:35:51,931 - INFO - Reads parsed so far: 1600000
2017-06-15 11:35:52,728 - INFO - Reads parsed so far: 1700000
2017-06-15 11:35:53,523 - INFO - Reads parsed so far: 1800000
2017-06-15 11:35:54,386 - INFO - Reads parsed so far: 1900000
2017-06-15 11:35:55,185 - INFO - Reads parsed so far: 2000000
2017-06-15 11:35:55,979 - INFO - Reads parsed so far: 2100000
2017-06-15 11:35:56,780 - INFO - Reads parsed so far: 2200000
2017-06-15 11:35:57,576 - INFO - Reads parsed so far: 2300000
2017-06-15 11:35:58,445 - INFO - Reads parsed so far: 2400000
2017-06-15 11:36:00,042 - INFO - Reads parsed so far: 2500000
2017-06-15 11:36:00,859 - INFO - Reads parsed so far: 2600000
2017-06-15 11:36:01,684 - INFO - Reads parsed so far: 2700000
2017-06-15 11:36:02,494 - INFO - Reads parsed so far: 2800000
2017-06-15 11:36:03,315 - INFO - Reads parsed so far: 2900000
2017-06-15 11:36:04,231 - INFO - Reads parsed so far: 3000000
2017-06-15 11:36:05,114 - INFO - Reads parsed so far: 3100000
2017-06-15 11:36:05,934 - INFO - Reads parsed so far: 3200000
2017-06-15 11:36:06,717 - INFO - Finished parsing all 3227134 reads; ended up with 1434101 unique barcodes.

2017-06-15 11:36:06,719 - INFO - Now examining the 1434101 barcodes to see if reads meet criteria for retention
2017-06-15 11:36:09,337 - INFO - Barcodes examined so far: 100000
2017-06-15 11:36:13,248 - INFO - Barcodes examined so far: 200000
2017-06-15 11:36:16,255 - INFO - Barcodes examined so far: 300000
2017-06-15 11:36:18,831 - INFO - Barcodes examined so far: 400000
2017-06-15 11:36:21,376 - INFO - Barcodes examined so far: 500000
2017-06-15 11:36:23,757 - INFO - Barcodes examined so far: 600000
2017-06-15 11:36:26,061 - INFO - Barcodes examined so far: 700000
2017-06-15 11:36:28,413 - INFO - Barcodes examined so far: 800000
2017-06-15 11:36:30,762 - INFO - Barcodes examined so far: 900000
2017-06-15 11:36:33,100 - INFO - Barcodes examined so far: 1000000
2017-06-15 11:36:35,472 - INFO - Barcodes examined so far: 1100000
2017-06-15 11:36:37,860 - INFO - Barcodes examined so far: 1200000
2017-06-15 11:36:40,550 - INFO - Barcodes examined so far: 1300000
2017-06-15 11:36:43,713 - INFO - Barcodes examined so far: 1400000
2017-06-15 11:36:45,810 - INFO - Finished examining all 1434101 barcodes

2017-06-15 11:36:45,810 - INFO - Writing the codon counts to ./results/alignments/CPEC_counts.txt
2017-06-15 11:36:45,829 - INFO - Here are the summary statistics (these are also being written to ./results/alignments/CPEC_summarystats.txt):
	total read pairs = 3227134
	read pairs that fail Illumina filter = 0
	low quality read pairs = 196451
	barcodes randomly purged = 0
	discarded barcodes with 1 reads = 616429
	aligned barcodes with 2 reads = 198947
	discarded barcodes with 2 reads = 3785
	un-alignable barcodes with 2 reads = 172213
	aligned barcodes with 3 reads = 127406
	discarded barcodes with 3 reads = 3551
	un-alignable barcodes with 3 reads = 107533
	aligned barcodes with 4 reads = 63882
	discarded barcodes with 4 reads = 2434
	un-alignable barcodes with 4 reads = 54693
	aligned barcodes with 5 reads = 27242
	discarded barcodes with 5 reads = 1369
	un-alignable barcodes with 5 reads = 23299
	aligned barcodes with 6 reads = 10328
	discarded barcodes with 6 reads = 600
	un-alignable barcodes with 6 reads = 9082
	aligned barcodes with 7 reads = 3747
	discarded barcodes with 7 reads = 298
	un-alignable barcodes with 7 reads = 3286
	aligned barcodes with 8 reads = 1356
	discarded barcodes with 8 reads = 110
	un-alignable barcodes with 8 reads = 1108
	aligned barcodes with 9 reads = 456
	discarded barcodes with 9 reads = 47
	un-alignable barcodes with 9 reads = 424
	aligned barcodes with 10 reads = 165
	discarded barcodes with 10 reads = 30
	un-alignable barcodes with 10 reads = 123
	aligned barcodes with 11 reads = 60
	discarded barcodes with 11 reads = 11
	un-alignable barcodes with 11 reads = 48
	aligned barcodes with 12 reads = 9
	discarded barcodes with 12 reads = 3
	un-alignable barcodes with 12 reads = 10
	aligned barcodes with 13 reads = 8
	un-alignable barcodes with 13 reads = 3
	aligned barcodes with 14 reads = 1
	aligned barcodes with 15 reads = 1
	discarded barcodes with 15 reads = 1
	aligned barcodes with 16 reads = 1
	discarded barcodes with 17 reads = 1
	discarded barcodes with 23 reads = 1
2017-06-15 11:36:45,829 - INFO - Successful completion of dms_barcodedsubamplicons at Thu Jun 15 11:36:45 2017
