2017-05-10 07:15:56,608 - INFO - Beginning execution of dms_barcodedsubamplicons in directory /fh/fast/bloom_j/computational_notebooks/jbloom/2017/ZIKV_DMS_w_Khromykh

2017-05-10 07:15:56,608 - INFO - Progress will be logged to ./results/alignments/E_DIII_mutlib.log
2017-05-10 07:16:04,938 - INFO - Version information for dms_tools and associated packages.
	Time and date: Wed May 10 07:15:56 2017
	Platform: Linux-3.13.0-68-generic-x86_64-with-Ubuntu-14.04-trusty
	Python version: 2.7.6 (default, Jun 22 2015, 17:58:13)  [GCC 4.8.2]
	dms_tools version: 1.2.0
	Bio version: 1.69
	numpy version: 1.12.1
	scipy version: 0.19.0
	matplotlib version: 2.0.0
	cython version: 0.25.2
	pystan version: 2.15.0.0
	weblogolib version: 3.4
	PyPDF2 version: 1.26.0
	pandas version: 0.19.2

2017-05-10 07:16:04,938 - INFO - Parsed the following arguments:
	minreadconcurrence = 0.75
	maxmuts = 4
	maxlowqfrac = 0.075
	r1files = ['data/fastq/J999_S90_L001_R1_001.fastq.gz']
	minreadidentity = 0.9
	purgefrac = 0
	R1trimlength = 200
	R1_is_antisense = False
	r2files = ['data/fastq/trimmed_J999_S90_L001_R2_001.fastq.gz']
	alignspecs = [(292, 585, 36, 28), (1, 291, 37, 30), (586, 903, 30, 27)]
	R2trimlength = 180
	maxreadtrim = 3
	barcodeinfo = True
	chartype = codon
	barcodelength = 8
	minreadsperbarcode = 2
	minq = 15
	outprefix = ./results/alignments/E_DIII_mutlib
	refseq = ./data/seqs/NatalEDIII.fa
	purgereadfrac = 0
	seed = 1

2017-05-10 07:16:04,969 - INFO - Read a reference sequence of 301 codons from ./data/seqs/NatalEDIII.fa

2017-05-10 07:16:04,969 - INFO - Now parsing reads from the following:
	r1files: data/fastq/J999_S90_L001_R1_001.fastq.gz
	r2files: data/fastq/trimmed_J999_S90_L001_R2_001.fastq.gz
2017-05-10 07:16:28,172 - INFO - Reads parsed so far: 100000
2017-05-10 07:16:29,124 - INFO - Reads parsed so far: 200000
2017-05-10 07:16:29,983 - INFO - Reads parsed so far: 300000
2017-05-10 07:16:30,902 - INFO - Reads parsed so far: 400000
2017-05-10 07:16:31,893 - INFO - Reads parsed so far: 500000
2017-05-10 07:16:32,926 - INFO - Reads parsed so far: 600000
2017-05-10 07:16:33,724 - INFO - Reads parsed so far: 700000
2017-05-10 07:16:34,515 - INFO - Reads parsed so far: 800000
2017-05-10 07:16:35,606 - INFO - Reads parsed so far: 900000
2017-05-10 07:16:36,444 - INFO - Reads parsed so far: 1000000
2017-05-10 07:16:37,250 - INFO - Reads parsed so far: 1100000
2017-05-10 07:16:38,415 - INFO - Reads parsed so far: 1200000
2017-05-10 07:16:39,204 - INFO - Reads parsed so far: 1300000
2017-05-10 07:16:39,997 - INFO - Reads parsed so far: 1400000
2017-05-10 07:16:40,805 - INFO - Reads parsed so far: 1500000
2017-05-10 07:16:41,613 - INFO - Reads parsed so far: 1600000
2017-05-10 07:16:42,908 - INFO - Reads parsed so far: 1700000
2017-05-10 07:16:43,708 - INFO - Reads parsed so far: 1800000
2017-05-10 07:16:44,520 - INFO - Reads parsed so far: 1900000
2017-05-10 07:16:45,323 - INFO - Reads parsed so far: 2000000
2017-05-10 07:16:46,129 - INFO - Reads parsed so far: 2100000
2017-05-10 07:16:46,941 - INFO - Reads parsed so far: 2200000
2017-05-10 07:16:47,745 - INFO - Reads parsed so far: 2300000
2017-05-10 07:16:48,546 - INFO - Reads parsed so far: 2400000
2017-05-10 07:16:50,039 - INFO - Reads parsed so far: 2500000
2017-05-10 07:16:50,855 - INFO - Reads parsed so far: 2600000
2017-05-10 07:16:51,676 - INFO - Reads parsed so far: 2700000
2017-05-10 07:16:52,479 - INFO - Reads parsed so far: 2800000
2017-05-10 07:16:53,286 - INFO - Reads parsed so far: 2900000
2017-05-10 07:16:54,093 - INFO - Reads parsed so far: 3000000
2017-05-10 07:16:54,968 - INFO - Reads parsed so far: 3100000
2017-05-10 07:16:55,788 - INFO - Reads parsed so far: 3200000
2017-05-10 07:16:56,540 - INFO - Finished parsing all 3227134 reads; ended up with 1434101 unique barcodes.

2017-05-10 07:16:56,542 - INFO - Now examining the 1434101 barcodes to see if reads meet criteria for retention
2017-05-10 07:17:09,922 - INFO - Barcodes examined so far: 100000
2017-05-10 07:17:23,260 - INFO - Barcodes examined so far: 200000
2017-05-10 07:17:36,571 - INFO - Barcodes examined so far: 300000
2017-05-10 07:17:50,329 - INFO - Barcodes examined so far: 400000
2017-05-10 07:18:03,487 - INFO - Barcodes examined so far: 500000
2017-05-10 07:18:16,838 - INFO - Barcodes examined so far: 600000
2017-05-10 07:18:30,075 - INFO - Barcodes examined so far: 700000
2017-05-10 07:18:43,358 - INFO - Barcodes examined so far: 800000
2017-05-10 07:18:56,779 - INFO - Barcodes examined so far: 900000
2017-05-10 07:19:10,045 - INFO - Barcodes examined so far: 1000000
2017-05-10 07:19:23,332 - INFO - Barcodes examined so far: 1100000
2017-05-10 07:19:36,909 - INFO - Barcodes examined so far: 1200000
2017-05-10 07:19:50,636 - INFO - Barcodes examined so far: 1300000
2017-05-10 07:20:04,981 - INFO - Barcodes examined so far: 1400000
2017-05-10 07:20:10,887 - INFO - Finished examining all 1434101 barcodes

2017-05-10 07:20:10,887 - INFO - Writing the codon counts to ./results/alignments/E_DIII_mutlibcounts.txt
2017-05-10 07:20:10,911 - INFO - Here are the summary statistics (these are also being written to ./results/alignments/E_DIII_mutlibsummarystats.txt):
	total read pairs = 3227134
	read pairs that fail Illumina filter = 0
	low quality read pairs = 196451
	barcodes randomly purged = 0
	discarded barcodes with 1 reads = 616429
	aligned barcodes with 2 reads = 320849
	discarded barcodes with 2 reads = 3785
	un-alignable barcodes with 2 reads = 50311
	aligned barcodes with 3 reads = 206954
	discarded barcodes with 3 reads = 3551
	un-alignable barcodes with 3 reads = 27985
	aligned barcodes with 4 reads = 104690
	discarded barcodes with 4 reads = 2434
	un-alignable barcodes with 4 reads = 13885
	aligned barcodes with 5 reads = 44677
	discarded barcodes with 5 reads = 1369
	un-alignable barcodes with 5 reads = 5864
	aligned barcodes with 6 reads = 17233
	discarded barcodes with 6 reads = 600
	un-alignable barcodes with 6 reads = 2177
	aligned barcodes with 7 reads = 6257
	discarded barcodes with 7 reads = 298
	un-alignable barcodes with 7 reads = 776
	aligned barcodes with 8 reads = 2193
	discarded barcodes with 8 reads = 110
	un-alignable barcodes with 8 reads = 271
	aligned barcodes with 9 reads = 776
	discarded barcodes with 9 reads = 47
	un-alignable barcodes with 9 reads = 104
	aligned barcodes with 10 reads = 262
	discarded barcodes with 10 reads = 30
	un-alignable barcodes with 10 reads = 26
	aligned barcodes with 11 reads = 101
	discarded barcodes with 11 reads = 11
	un-alignable barcodes with 11 reads = 7
	aligned barcodes with 12 reads = 16
	discarded barcodes with 12 reads = 3
	un-alignable barcodes with 12 reads = 3
	aligned barcodes with 13 reads = 10
	un-alignable barcodes with 13 reads = 1
	aligned barcodes with 14 reads = 1
	aligned barcodes with 15 reads = 1
	discarded barcodes with 15 reads = 1
	aligned barcodes with 16 reads = 1
	discarded barcodes with 17 reads = 1
	discarded barcodes with 23 reads = 1
2017-05-10 07:20:10,912 - INFO - Successful completion of dms_barcodedsubamplicons at Wed May 10 07:20:10 2017
