2017-06-15 11:36:47,644 - INFO - Beginning execution of dms_barcodedsubamplicons in directory /fh/fast/bloom_j/computational_notebooks/jbloom/2017/ZIKV_DMS_w_Khromykh

2017-06-15 11:36:47,644 - INFO - Progress will be logged to ./results/alignments/Vero_.log
2017-06-15 11:36:47,658 - INFO - Removing existing file ./results/alignments/Vero_counts.txt
2017-06-15 11:36:47,680 - INFO - Removing existing file ./results/alignments/Vero_summarystats.txt
2017-06-15 11:36:48,612 - INFO - Version information for dms_tools and associated packages.
	Time and date: Thu Jun 15 11:36:47 2017
	Platform: Linux-3.13.0-68-generic-x86_64-with-Ubuntu-14.04-trusty
	Python version: 2.7.6 (default, Jun 22 2015, 17:58:13)  [GCC 4.8.2]
	dms_tools version: 1.2.2
	Bio version: 1.69
	numpy version: 1.13.0
	scipy version: 0.19.0
	matplotlib version: 2.0.2
	cython version: 0.25.2
	pystan version: 2.15.0.1
	weblogolib version: 3.5.0
	PyPDF2 version: 1.26.0
	pandas version: 0.20.2

2017-06-15 11:36:48,612 - INFO - Parsed the following arguments:
	minreadconcurrence = 0.75
	maxmuts = 4
	maxlowqfrac = 0.075
	r1files = ['./data/fastq/vero8dpt_R1_001.fastq.gz']
	minreadidentity = 0.9
	purgefrac = 0
	R1trimlength = 200
	R1_is_antisense = False
	r2files = ['./data/fastq/vero8dpt_R2_001.fastq.gz']
	alignspecs = [(1, 294, 36, 28), (295, 612, 30, 27)]
	R2trimlength = 180
	maxreadtrim = 3
	barcodeinfo = False
	chartype = codon
	barcodelength = 8
	minreadsperbarcode = 2
	minq = 15
	outprefix = ./results/alignments/Vero_
	refseq = ./data/seqs/NatalEDIIIonly.fa
	purgereadfrac = 0
	seed = 1

2017-06-15 11:36:48,640 - INFO - Read a reference sequence of 204 codons from ./data/seqs/NatalEDIIIonly.fa

2017-06-15 11:36:48,641 - INFO - Now parsing reads from the following:
	r1files: ./data/fastq/vero8dpt_R1_001.fastq.gz
	r2files: ./data/fastq/vero8dpt_R2_001.fastq.gz
2017-06-15 11:37:32,794 - INFO - Reads parsed so far: 100000
2017-06-15 11:37:33,687 - INFO - Reads parsed so far: 200000
2017-06-15 11:37:34,577 - INFO - Reads parsed so far: 300000
2017-06-15 11:37:35,522 - INFO - Reads parsed so far: 400000
2017-06-15 11:37:36,311 - INFO - Reads parsed so far: 500000
2017-06-15 11:37:37,273 - INFO - Reads parsed so far: 600000
2017-06-15 11:37:38,040 - INFO - Reads parsed so far: 700000
2017-06-15 11:37:39,137 - INFO - Reads parsed so far: 800000
2017-06-15 11:37:39,982 - INFO - Reads parsed so far: 900000
2017-06-15 11:37:40,779 - INFO - Reads parsed so far: 1000000
2017-06-15 11:37:41,585 - INFO - Reads parsed so far: 1100000
2017-06-15 11:37:42,747 - INFO - Reads parsed so far: 1200000
2017-06-15 11:37:43,541 - INFO - Reads parsed so far: 1300000
2017-06-15 11:37:44,352 - INFO - Reads parsed so far: 1400000
2017-06-15 11:37:45,193 - INFO - Reads parsed so far: 1500000
2017-06-15 11:37:46,033 - INFO - Reads parsed so far: 1600000
2017-06-15 11:37:46,881 - INFO - Reads parsed so far: 1700000
2017-06-15 11:37:47,736 - INFO - Reads parsed so far: 1800000
2017-06-15 11:37:49,062 - INFO - Reads parsed so far: 1900000
2017-06-15 11:37:49,864 - INFO - Reads parsed so far: 2000000
2017-06-15 11:37:50,664 - INFO - Reads parsed so far: 2100000
2017-06-15 11:37:51,508 - INFO - Reads parsed so far: 2200000
2017-06-15 11:37:52,384 - INFO - Reads parsed so far: 2300000
2017-06-15 11:37:53,247 - INFO - Reads parsed so far: 2400000
2017-06-15 11:37:54,066 - INFO - Reads parsed so far: 2500000
2017-06-15 11:37:54,935 - INFO - Reads parsed so far: 2600000
2017-06-15 11:37:55,735 - INFO - Reads parsed so far: 2700000
2017-06-15 11:37:56,534 - INFO - Reads parsed so far: 2800000
2017-06-15 11:37:57,333 - INFO - Reads parsed so far: 2900000
2017-06-15 11:37:58,148 - INFO - Reads parsed so far: 3000000
2017-06-15 11:37:58,945 - INFO - Reads parsed so far: 3100000
2017-06-15 11:37:59,758 - INFO - Reads parsed so far: 3200000
2017-06-15 11:38:00,585 - INFO - Reads parsed so far: 3300000
2017-06-15 11:38:01,461 - INFO - Reads parsed so far: 3400000
2017-06-15 11:38:02,268 - INFO - Reads parsed so far: 3500000
2017-06-15 11:38:03,066 - INFO - Reads parsed so far: 3600000
2017-06-15 11:38:03,897 - INFO - Reads parsed so far: 3700000
2017-06-15 11:38:04,811 - INFO - Reads parsed so far: 3800000
2017-06-15 11:38:06,583 - INFO - Reads parsed so far: 3900000
2017-06-15 11:38:07,371 - INFO - Reads parsed so far: 4000000
2017-06-15 11:38:08,156 - INFO - Reads parsed so far: 4100000
2017-06-15 11:38:08,943 - INFO - Reads parsed so far: 4200000
2017-06-15 11:38:09,779 - INFO - Reads parsed so far: 4300000
2017-06-15 11:38:10,562 - INFO - Reads parsed so far: 4400000
2017-06-15 11:38:11,348 - INFO - Reads parsed so far: 4500000
2017-06-15 11:38:12,130 - INFO - Reads parsed so far: 4600000
2017-06-15 11:38:12,915 - INFO - Reads parsed so far: 4700000
2017-06-15 11:38:13,705 - INFO - Reads parsed so far: 4800000
2017-06-15 11:38:14,501 - INFO - Reads parsed so far: 4900000
2017-06-15 11:38:15,295 - INFO - Reads parsed so far: 5000000
2017-06-15 11:38:16,123 - INFO - Reads parsed so far: 5100000
2017-06-15 11:38:16,926 - INFO - Reads parsed so far: 5200000
2017-06-15 11:38:17,709 - INFO - Reads parsed so far: 5300000
2017-06-15 11:38:18,499 - INFO - Reads parsed so far: 5400000
2017-06-15 11:38:19,304 - INFO - Reads parsed so far: 5500000
2017-06-15 11:38:20,099 - INFO - Reads parsed so far: 5600000
2017-06-15 11:38:20,897 - INFO - Reads parsed so far: 5700000
2017-06-15 11:38:21,689 - INFO - Reads parsed so far: 5800000
2017-06-15 11:38:22,505 - INFO - Reads parsed so far: 5900000
2017-06-15 11:38:23,304 - INFO - Reads parsed so far: 6000000
2017-06-15 11:38:24,094 - INFO - Reads parsed so far: 6100000
2017-06-15 11:38:24,892 - INFO - Reads parsed so far: 6200000
2017-06-15 11:38:25,675 - INFO - Reads parsed so far: 6300000
2017-06-15 11:38:26,462 - INFO - Reads parsed so far: 6400000
2017-06-15 11:38:27,795 - INFO - Finished parsing all 6409969 reads; ended up with 1132916 unique barcodes.

2017-06-15 11:38:27,796 - INFO - Now examining the 1132916 barcodes to see if reads meet criteria for retention
2017-06-15 11:38:34,061 - INFO - Barcodes examined so far: 100000
2017-06-15 11:38:39,393 - INFO - Barcodes examined so far: 200000
2017-06-15 11:38:44,166 - INFO - Barcodes examined so far: 300000
2017-06-15 11:38:48,851 - INFO - Barcodes examined so far: 400000
2017-06-15 11:38:53,457 - INFO - Barcodes examined so far: 500000
2017-06-15 11:38:58,102 - INFO - Barcodes examined so far: 600000
2017-06-15 11:39:02,718 - INFO - Barcodes examined so far: 700000
2017-06-15 11:39:07,406 - INFO - Barcodes examined so far: 800000
2017-06-15 11:39:12,300 - INFO - Barcodes examined so far: 900000
2017-06-15 11:39:18,242 - INFO - Barcodes examined so far: 1000000
2017-06-15 11:39:26,129 - INFO - Barcodes examined so far: 1100000
2017-06-15 11:39:31,358 - INFO - Finished examining all 1132916 barcodes

2017-06-15 11:39:31,358 - INFO - Writing the codon counts to ./results/alignments/Vero_counts.txt
2017-06-15 11:39:31,368 - INFO - Here are the summary statistics (these are also being written to ./results/alignments/Vero_summarystats.txt):
	total read pairs = 6409969
	read pairs that fail Illumina filter = 0
	low quality read pairs = 616423
	barcodes randomly purged = 0
	discarded barcodes with 1 reads = 274238
	aligned barcodes with 2 reads = 63678
	discarded barcodes with 2 reads = 654
	un-alignable barcodes with 2 reads = 4984
	aligned barcodes with 3 reads = 90413
	discarded barcodes with 3 reads = 1294
	un-alignable barcodes with 3 reads = 6019
	aligned barcodes with 4 reads = 107489
	discarded barcodes with 4 reads = 2013
	un-alignable barcodes with 4 reads = 6228
	aligned barcodes with 5 reads = 106819
	discarded barcodes with 5 reads = 2601
	un-alignable barcodes with 5 reads = 6362
	aligned barcodes with 6 reads = 95856
	discarded barcodes with 6 reads = 2653
	un-alignable barcodes with 6 reads = 5514
	aligned barcodes with 7 reads = 78582
	discarded barcodes with 7 reads = 2599
	un-alignable barcodes with 7 reads = 4570
	aligned barcodes with 8 reads = 62683
	discarded barcodes with 8 reads = 2394
	un-alignable barcodes with 8 reads = 3668
	aligned barcodes with 9 reads = 48914
	discarded barcodes with 9 reads = 2061
	un-alignable barcodes with 9 reads = 2944
	aligned barcodes with 10 reads = 37839
	discarded barcodes with 10 reads = 1736
	un-alignable barcodes with 10 reads = 2267
	aligned barcodes with 11 reads = 28793
	discarded barcodes with 11 reads = 1437
	un-alignable barcodes with 11 reads = 1675
	aligned barcodes with 12 reads = 21650
	discarded barcodes with 12 reads = 1205
	un-alignable barcodes with 12 reads = 1254
	aligned barcodes with 13 reads = 15730
	discarded barcodes with 13 reads = 941
	un-alignable barcodes with 13 reads = 937
	aligned barcodes with 14 reads = 10917
	discarded barcodes with 14 reads = 691
	un-alignable barcodes with 14 reads = 646
	aligned barcodes with 15 reads = 7100
	discarded barcodes with 15 reads = 543
	un-alignable barcodes with 15 reads = 384
	aligned barcodes with 16 reads = 4543
	discarded barcodes with 16 reads = 313
	un-alignable barcodes with 16 reads = 268
	aligned barcodes with 17 reads = 2743
	discarded barcodes with 17 reads = 240
	un-alignable barcodes with 17 reads = 155
	aligned barcodes with 18 reads = 1546
	discarded barcodes with 18 reads = 123
	un-alignable barcodes with 18 reads = 86
	aligned barcodes with 19 reads = 829
	discarded barcodes with 19 reads = 67
	un-alignable barcodes with 19 reads = 54
	aligned barcodes with 20 reads = 422
	discarded barcodes with 20 reads = 28
	un-alignable barcodes with 20 reads = 25
	aligned barcodes with 21 reads = 225
	discarded barcodes with 21 reads = 30
	un-alignable barcodes with 21 reads = 9
	aligned barcodes with 22 reads = 104
	discarded barcodes with 22 reads = 7
	un-alignable barcodes with 22 reads = 7
	aligned barcodes with 23 reads = 54
	discarded barcodes with 23 reads = 6
	un-alignable barcodes with 23 reads = 3
	aligned barcodes with 24 reads = 23
	discarded barcodes with 24 reads = 2
	aligned barcodes with 25 reads = 8
	discarded barcodes with 25 reads = 4
	un-alignable barcodes with 25 reads = 1
	aligned barcodes with 26 reads = 2
	discarded barcodes with 26 reads = 4
	aligned barcodes with 27 reads = 1
	aligned barcodes with 28 reads = 4
	aligned barcodes with 31 reads = 1
	discarded barcodes with 60 reads = 1
	discarded barcodes with 73 reads = 1
	discarded barcodes with 422 reads = 1
	discarded barcodes with 629 reads = 1
2017-06-15 11:39:31,369 - INFO - Successful completion of dms_barcodedsubamplicons at Thu Jun 15 11:39:31 2017
